<?xml version="1.0" encoding="UTF-8"?>
<testsuite name="microboot.RemoteServApplicationTests" tests="2" skipped="0" failures="0" errors="0" timestamp="2017-03-24T16:33:21" hostname="Stefans-MacBook-Pro.local" time="0.234">
  <properties/>
  <testcase name="calculateTest" classname="microboot.RemoteServApplicationTests" time="0.197"/>
  <testcase name="calculateWrongCommandTest" classname="microboot.RemoteServApplicationTests" time="0.036"/>
  <system-out><![CDATA[18:33:10.160 [Test worker] DEBUG org.springframework.test.context.junit4.SpringJUnit4ClassRunner - SpringJUnit4ClassRunner constructor called with [class microboot.RemoteServApplicationTests]
18:33:10.164 [Test worker] DEBUG org.springframework.test.context.BootstrapUtils - Instantiating CacheAwareContextLoaderDelegate from class [org.springframework.test.context.cache.DefaultCacheAwareContextLoaderDelegate]
18:33:10.169 [Test worker] DEBUG org.springframework.test.context.BootstrapUtils - Instantiating BootstrapContext using constructor [public org.springframework.test.context.support.DefaultBootstrapContext(java.lang.Class,org.springframework.test.context.CacheAwareContextLoaderDelegate)]
18:33:10.180 [Test worker] DEBUG org.springframework.test.context.BootstrapUtils - Instantiating TestContextBootstrapper for test class [microboot.RemoteServApplicationTests] from class [org.springframework.boot.test.context.SpringBootTestContextBootstrapper]
18:33:10.190 [Test worker] INFO org.springframework.boot.test.context.SpringBootTestContextBootstrapper - Neither @ContextConfiguration nor @ContextHierarchy found for test class [microboot.RemoteServApplicationTests], using SpringBootContextLoader
18:33:10.192 [Test worker] DEBUG org.springframework.test.context.support.AbstractContextLoader - Did not detect default resource location for test class [microboot.RemoteServApplicationTests]: class path resource [microboot/RemoteServApplicationTests-context.xml] does not exist
18:33:10.193 [Test worker] DEBUG org.springframework.test.context.support.AbstractContextLoader - Did not detect default resource location for test class [microboot.RemoteServApplicationTests]: class path resource [microboot/RemoteServApplicationTestsContext.groovy] does not exist
18:33:10.193 [Test worker] INFO org.springframework.test.context.support.AbstractContextLoader - Could not detect default resource locations for test class [microboot.RemoteServApplicationTests]: no resource found for suffixes {-context.xml, Context.groovy}.
18:33:10.193 [Test worker] INFO org.springframework.test.context.support.AnnotationConfigContextLoaderUtils - Could not detect default configuration classes for test class [microboot.RemoteServApplicationTests]: RemoteServApplicationTests does not declare any static, non-private, non-final, nested classes annotated with @Configuration.
18:33:10.242 [Test worker] DEBUG org.springframework.test.context.support.ActiveProfilesUtils - Could not find an 'annotation declaring class' for annotation type [org.springframework.test.context.ActiveProfiles] and class [microboot.RemoteServApplicationTests]
18:33:10.249 [Test worker] DEBUG org.springframework.core.env.StandardEnvironment - Adding [systemProperties] PropertySource with lowest search precedence
18:33:10.249 [Test worker] DEBUG org.springframework.core.env.StandardEnvironment - Adding [systemEnvironment] PropertySource with lowest search precedence
18:33:10.249 [Test worker] DEBUG org.springframework.core.env.StandardEnvironment - Initialized StandardEnvironment with PropertySources [systemProperties,systemEnvironment]
18:33:10.259 [Test worker] DEBUG org.springframework.core.io.support.PathMatchingResourcePatternResolver - Resolved classpath location [microboot/] to resources [URL [file:/Users/stefanbaychev/Documents/spring-network-service-client/remoteserv/build/classes/test/microboot/], URL [file:/Users/stefanbaychev/Documents/spring-network-service-client/remoteserv/build/classes/main/microboot/]]
18:33:10.259 [Test worker] DEBUG org.springframework.core.io.support.PathMatchingResourcePatternResolver - Looking for matching resources in directory tree [/Users/stefanbaychev/Documents/spring-network-service-client/remoteserv/build/classes/test/microboot]
18:33:10.259 [Test worker] DEBUG org.springframework.core.io.support.PathMatchingResourcePatternResolver - Searching directory [/Users/stefanbaychev/Documents/spring-network-service-client/remoteserv/build/classes/test/microboot] for files matching pattern [/Users/stefanbaychev/Documents/spring-network-service-client/remoteserv/build/classes/test/microboot/*.class]
18:33:10.262 [Test worker] DEBUG org.springframework.core.io.support.PathMatchingResourcePatternResolver - Looking for matching resources in directory tree [/Users/stefanbaychev/Documents/spring-network-service-client/remoteserv/build/classes/main/microboot]
18:33:10.262 [Test worker] DEBUG org.springframework.core.io.support.PathMatchingResourcePatternResolver - Searching directory [/Users/stefanbaychev/Documents/spring-network-service-client/remoteserv/build/classes/main/microboot] for files matching pattern [/Users/stefanbaychev/Documents/spring-network-service-client/remoteserv/build/classes/main/microboot/*.class]
18:33:10.263 [Test worker] DEBUG org.springframework.core.io.support.PathMatchingResourcePatternResolver - Resolved location pattern [classpath*:microboot/*.class] to resources [file [/Users/stefanbaychev/Documents/spring-network-service-client/remoteserv/build/classes/test/microboot/RemoteServApplicationTests.class], file [/Users/stefanbaychev/Documents/spring-network-service-client/remoteserv/build/classes/main/microboot/ComputatorService.class], file [/Users/stefanbaychev/Documents/spring-network-service-client/remoteserv/build/classes/main/microboot/ComputatorServiceImpl.class], file [/Users/stefanbaychev/Documents/spring-network-service-client/remoteserv/build/classes/main/microboot/Multiplier.class], file [/Users/stefanbaychev/Documents/spring-network-service-client/remoteserv/build/classes/main/microboot/RemoteServApplication.class], file [/Users/stefanbaychev/Documents/spring-network-service-client/remoteserv/build/classes/main/microboot/RemoteServException.class], file [/Users/stefanbaychev/Documents/spring-network-service-client/remoteserv/build/classes/main/microboot/SearchError.class]]
18:33:10.306 [Test worker] DEBUG org.springframework.context.annotation.ClassPathScanningCandidateComponentProvider - Identified candidate component class: file [/Users/stefanbaychev/Documents/spring-network-service-client/remoteserv/build/classes/main/microboot/RemoteServApplication.class]
18:33:10.307 [Test worker] INFO org.springframework.boot.test.context.SpringBootTestContextBootstrapper - Found @SpringBootConfiguration microboot.RemoteServApplication for test class microboot.RemoteServApplicationTests
18:33:10.309 [Test worker] DEBUG org.springframework.boot.test.context.SpringBootTestContextBootstrapper - @TestExecutionListeners is not present for class [microboot.RemoteServApplicationTests]: using defaults.
18:33:10.312 [Test worker] INFO org.springframework.boot.test.context.SpringBootTestContextBootstrapper - Loaded default TestExecutionListener class names from location [META-INF/spring.factories]: [org.springframework.boot.test.mock.mockito.MockitoTestExecutionListener, org.springframework.boot.test.mock.mockito.ResetMocksTestExecutionListener, org.springframework.boot.test.autoconfigure.restdocs.RestDocsTestExecutionListener, org.springframework.boot.test.autoconfigure.web.client.MockRestServiceServerResetTestExecutionListener, org.springframework.boot.test.autoconfigure.web.servlet.MockMvcPrintOnlyOnFailureTestExecutionListener, org.springframework.boot.test.autoconfigure.web.servlet.WebDriverTestExecutionListener, org.springframework.test.context.web.ServletTestExecutionListener, org.springframework.test.context.support.DirtiesContextBeforeModesTestExecutionListener, org.springframework.test.context.support.DependencyInjectionTestExecutionListener, org.springframework.test.context.support.DirtiesContextTestExecutionListener, org.springframework.test.context.transaction.TransactionalTestExecutionListener, org.springframework.test.context.jdbc.SqlScriptsTestExecutionListener]
18:33:10.319 [Test worker] INFO org.springframework.boot.test.context.SpringBootTestContextBootstrapper - Could not instantiate TestExecutionListener [org.springframework.test.context.transaction.TransactionalTestExecutionListener]. Specify custom listener classes or make the default listener classes (and their required dependencies) available. Offending class: [org/springframework/transaction/interceptor/TransactionAttributeSource]
18:33:10.322 [Test worker] INFO org.springframework.boot.test.context.SpringBootTestContextBootstrapper - Could not instantiate TestExecutionListener [org.springframework.test.context.jdbc.SqlScriptsTestExecutionListener]. Specify custom listener classes or make the default listener classes (and their required dependencies) available. Offending class: [org/springframework/transaction/interceptor/TransactionAttribute]
18:33:10.322 [Test worker] INFO org.springframework.boot.test.context.SpringBootTestContextBootstrapper - Using TestExecutionListeners: [org.springframework.test.context.web.ServletTestExecutionListener@36057dee, org.springframework.test.context.support.DirtiesContextBeforeModesTestExecutionListener@119e5967, org.springframework.boot.test.autoconfigure.SpringBootDependencyInjectionTestExecutionListener@28bb6b16, org.springframework.test.context.support.DirtiesContextTestExecutionListener@46c5f23f, org.springframework.boot.test.mock.mockito.ResetMocksTestExecutionListener@5bb21d04, org.springframework.boot.test.autoconfigure.web.servlet.MockMvcPrintOnlyOnFailureTestExecutionListener@38843274, org.springframework.boot.test.mock.mockito.MockitoTestExecutionListener@4b941da9, org.springframework.boot.test.autoconfigure.restdocs.RestDocsTestExecutionListener@22a94aee, org.springframework.boot.test.autoconfigure.web.servlet.WebDriverTestExecutionListener@69b82982, org.springframework.boot.test.autoconfigure.web.client.MockRestServiceServerResetTestExecutionListener@7036a153]
18:33:10.324 [Test worker] DEBUG org.springframework.test.annotation.ProfileValueUtils - Retrieved @ProfileValueSourceConfiguration [null] for test class [microboot.RemoteServApplicationTests]
18:33:10.324 [Test worker] DEBUG org.springframework.test.annotation.ProfileValueUtils - Retrieved ProfileValueSource type [class org.springframework.test.annotation.SystemProfileValueSource] for class [microboot.RemoteServApplicationTests]
18:33:10.325 [Test worker] DEBUG org.springframework.test.annotation.ProfileValueUtils - Retrieved @ProfileValueSourceConfiguration [null] for test class [microboot.RemoteServApplicationTests]
18:33:10.325 [Test worker] DEBUG org.springframework.test.annotation.ProfileValueUtils - Retrieved ProfileValueSource type [class org.springframework.test.annotation.SystemProfileValueSource] for class [microboot.RemoteServApplicationTests]
18:33:10.328 [Test worker] DEBUG org.springframework.test.context.support.AbstractDirtiesContextTestExecutionListener - Before test class: context [DefaultTestContext@6e7d3cfc testClass = RemoteServApplicationTests, testInstance = [null], testMethod = [null], testException = [null], mergedContextConfiguration = [WebMergedContextConfiguration@40c5a0cb testClass = RemoteServApplicationTests, locations = '{}', classes = '{class microboot.RemoteServApplication}', contextInitializerClasses = '[]', activeProfiles = '{}', propertySourceLocations = '{}', propertySourceProperties = '{org.springframework.boot.test.context.SpringBootTestContextBootstrapper=true, server.port=0}', contextCustomizers = set[org.springframework.boot.test.context.SpringBootTestContextCustomizer@276df36, org.springframework.boot.test.context.filter.ExcludeFilterContextCustomizer@42e44e36, org.springframework.boot.test.mock.mockito.MockitoContextCustomizer@0, org.springframework.boot.test.autoconfigure.properties.PropertyMappingContextCustomizer@0, org.springframework.boot.test.autoconfigure.web.servlet.WebDriverContextCustomizerFactory$Customizer@69d1862a], resourceBasePath = 'src/main/webapp', contextLoader = 'org.springframework.boot.test.context.SpringBootContextLoader', parent = [null]]], class annotated with @DirtiesContext [false] with mode [null].
18:33:10.329 [Test worker] DEBUG org.springframework.test.annotation.ProfileValueUtils - Retrieved @ProfileValueSourceConfiguration [null] for test class [microboot.RemoteServApplicationTests]
18:33:10.329 [Test worker] DEBUG org.springframework.test.annotation.ProfileValueUtils - Retrieved ProfileValueSource type [class org.springframework.test.annotation.SystemProfileValueSource] for class [microboot.RemoteServApplicationTests]
18:33:10.330 [Test worker] DEBUG org.springframework.test.context.support.DependencyInjectionTestExecutionListener - Performing dependency injection for test context [[DefaultTestContext@6e7d3cfc testClass = RemoteServApplicationTests, testInstance = microboot.RemoteServApplicationTests@7bc942a6, testMethod = [null], testException = [null], mergedContextConfiguration = [WebMergedContextConfiguration@40c5a0cb testClass = RemoteServApplicationTests, locations = '{}', classes = '{class microboot.RemoteServApplication}', contextInitializerClasses = '[]', activeProfiles = '{}', propertySourceLocations = '{}', propertySourceProperties = '{org.springframework.boot.test.context.SpringBootTestContextBootstrapper=true, server.port=0}', contextCustomizers = set[org.springframework.boot.test.context.SpringBootTestContextCustomizer@276df36, org.springframework.boot.test.context.filter.ExcludeFilterContextCustomizer@42e44e36, org.springframework.boot.test.mock.mockito.MockitoContextCustomizer@0, org.springframework.boot.test.autoconfigure.properties.PropertyMappingContextCustomizer@0, org.springframework.boot.test.autoconfigure.web.servlet.WebDriverContextCustomizerFactory$Customizer@69d1862a], resourceBasePath = 'src/main/webapp', contextLoader = 'org.springframework.boot.test.context.SpringBootContextLoader', parent = [null]]]].
18:33:10.378 [Test worker] DEBUG org.springframework.core.env.StandardEnvironment - Adding [systemProperties] PropertySource with lowest search precedence
18:33:10.378 [Test worker] DEBUG org.springframework.core.env.StandardEnvironment - Adding [systemEnvironment] PropertySource with lowest search precedence
18:33:10.379 [Test worker] DEBUG org.springframework.core.env.StandardEnvironment - Initialized StandardEnvironment with PropertySources [systemProperties,systemEnvironment]
18:33:10.379 [Test worker] DEBUG org.springframework.test.context.support.TestPropertySourceUtils - Adding inlined properties to environment: {spring.jmx.enabled=false, org.springframework.boot.test.context.SpringBootTestContextBootstrapper=true, server.port=0}
18:33:10.380 [Test worker] DEBUG org.springframework.core.env.StandardEnvironment - Adding [Inlined Test Properties] PropertySource with highest search precedence

  .   ____          _            __ _ _
 /\\ / ___'_ __ _ _(_)_ __  __ _ \ \ \ \
( ( )\___ | '_ | '_| | '_ \/ _` | \ \ \ \
 \\/  ___)| |_)| | | | | || (_| |  ) ) ) )
  '  |____| .__|_| |_|_| |_\__, | / / / /
 =========|_|==============|___/=/_/_/_/
 :: Spring Boot ::        (v1.5.2.RELEASE)

2017-03-24 18:33:20 - Starting RemoteServApplicationTests on Stefans-MacBook-Pro.local with PID 4228 (started by stefanbaychev in /Users/stefanbaychev/Documents/spring-network-service-client/remoteserv)
2017-03-24 18:33:20 - No active profile set, falling back to default profiles: default
2017-03-24 18:33:20 - Refreshing org.springframework.boot.context.embedded.AnnotationConfigEmbeddedWebApplicationContext@1d23eb7d: startup date [Fri Mar 24 18:33:20 EET 2017]; root of context hierarchy
2017-03-24 18:33:21 - Tomcat initialized with port(s): 0 (http)
2017-03-24 18:33:21 - Starting service Tomcat
2017-03-24 18:33:21 - Starting Servlet Engine: Apache Tomcat/8.5.11
2017-03-24 18:33:21 - Initializing Spring embedded WebApplicationContext
2017-03-24 18:33:21 - Root WebApplicationContext: initialization completed in 778 ms
2017-03-24 18:33:21 - Mapping servlet: 'dispatcherServlet' to [/]
2017-03-24 18:33:21 - Mapping filter: 'characterEncodingFilter' to: [/*]
2017-03-24 18:33:21 - Mapping filter: 'hiddenHttpMethodFilter' to: [/*]
2017-03-24 18:33:21 - Mapping filter: 'httpPutFormContentFilter' to: [/*]
2017-03-24 18:33:21 - Mapping filter: 'requestContextFilter' to: [/*]
2017-03-24 18:33:21 - Looking for @ControllerAdvice: org.springframework.boot.context.embedded.AnnotationConfigEmbeddedWebApplicationContext@1d23eb7d: startup date [Fri Mar 24 18:33:20 EET 2017]; root of context hierarchy
2017-03-24 18:33:21 - Mapped "{[/doCalculate]}" onto public java.lang.Double microboot.RemoteServApplication.doCalculate(java.lang.Double,java.lang.Double,java.lang.String) throws java.lang.Exception
2017-03-24 18:33:21 - Mapped "{[/error]}" onto public org.springframework.http.ResponseEntity<java.util.Map<java.lang.String, java.lang.Object>> org.springframework.boot.autoconfigure.web.BasicErrorController.error(javax.servlet.http.HttpServletRequest)
2017-03-24 18:33:21 - Mapped "{[/error],produces=[text/html]}" onto public org.springframework.web.servlet.ModelAndView org.springframework.boot.autoconfigure.web.BasicErrorController.errorHtml(javax.servlet.http.HttpServletRequest,javax.servlet.http.HttpServletResponse)
2017-03-24 18:33:21 - Mapped URL path [/webjars/**] onto handler of type [class org.springframework.web.servlet.resource.ResourceHttpRequestHandler]
2017-03-24 18:33:21 - Mapped URL path [/**] onto handler of type [class org.springframework.web.servlet.resource.ResourceHttpRequestHandler]
2017-03-24 18:33:21 - Mapped URL path [/**/favicon.ico] onto handler of type [class org.springframework.web.servlet.resource.ResourceHttpRequestHandler]
2017-03-24 18:33:21 - Tomcat started on port(s): 56615 (http)
2017-03-24 18:33:21 - Started RemoteServApplicationTests in 11.525 seconds (JVM running for 12.202)
2017-03-24 18:33:22 - Initializing Spring FrameworkServlet 'dispatcherServlet'
2017-03-24 18:33:22 - FrameworkServlet 'dispatcherServlet': initialization started
2017-03-24 18:33:22 - FrameworkServlet 'dispatcherServlet': initialization completed in 12 ms
2017-03-24 18:33:22 - Calculation started....
2017-03-24 18:33:22 - Calculation started....
2017-03-24 18:33:22 - Error when performing calculation: microboot.RemoteServException: Unsupported Operation: add
2017-03-24 18:33:22 - Servlet.service() for servlet [dispatcherServlet] in context with path [] threw exception [Request processing failed; nested exception is java.lang.Exception: microboot.RemoteServException: Unsupported Operation: add] with root cause
microboot.RemoteServException: Unsupported Operation: add
	at microboot.ComputatorServiceImpl.calculate(ComputatorServiceImpl.java:29)
	at microboot.RemoteServApplication.doCalculate(RemoteServApplication.java:33)
	at sun.reflect.NativeMethodAccessorImpl.invoke0(Native Method)
	at sun.reflect.NativeMethodAccessorImpl.invoke(NativeMethodAccessorImpl.java:62)
	at sun.reflect.DelegatingMethodAccessorImpl.invoke(DelegatingMethodAccessorImpl.java:43)
	at java.lang.reflect.Method.invoke(Method.java:498)
	at org.springframework.web.method.support.InvocableHandlerMethod.doInvoke(InvocableHandlerMethod.java:205)
	at org.springframework.web.method.support.InvocableHandlerMethod.invokeForRequest(InvocableHandlerMethod.java:133)
	at org.springframework.web.servlet.mvc.method.annotation.ServletInvocableHandlerMethod.invokeAndHandle(ServletInvocableHandlerMethod.java:116)
	at org.springframework.web.servlet.mvc.method.annotation.RequestMappingHandlerAdapter.invokeHandlerMethod(RequestMappingHandlerAdapter.java:827)
	at org.springframework.web.servlet.mvc.method.annotation.RequestMappingHandlerAdapter.handleInternal(RequestMappingHandlerAdapter.java:738)
	at org.springframework.web.servlet.mvc.method.AbstractHandlerMethodAdapter.handle(AbstractHandlerMethodAdapter.java:85)
	at org.springframework.web.servlet.DispatcherServlet.doDispatch(DispatcherServlet.java:963)
	at org.springframework.web.servlet.DispatcherServlet.doService(DispatcherServlet.java:897)
	at org.springframework.web.servlet.FrameworkServlet.processRequest(FrameworkServlet.java:970)
	at org.springframework.web.servlet.FrameworkServlet.doGet(FrameworkServlet.java:861)
	at javax.servlet.http.HttpServlet.service(HttpServlet.java:622)
	at org.springframework.web.servlet.FrameworkServlet.service(FrameworkServlet.java:846)
	at javax.servlet.http.HttpServlet.service(HttpServlet.java:729)
	at org.apache.catalina.core.ApplicationFilterChain.internalDoFilter(ApplicationFilterChain.java:230)
	at org.apache.catalina.core.ApplicationFilterChain.doFilter(ApplicationFilterChain.java:165)
	at org.apache.tomcat.websocket.server.WsFilter.doFilter(WsFilter.java:52)
	at org.apache.catalina.core.ApplicationFilterChain.internalDoFilter(ApplicationFilterChain.java:192)
	at org.apache.catalina.core.ApplicationFilterChain.doFilter(ApplicationFilterChain.java:165)
	at org.springframework.web.filter.RequestContextFilter.doFilterInternal(RequestContextFilter.java:99)
	at org.springframework.web.filter.OncePerRequestFilter.doFilter(OncePerRequestFilter.java:107)
	at org.apache.catalina.core.ApplicationFilterChain.internalDoFilter(ApplicationFilterChain.java:192)
	at org.apache.catalina.core.ApplicationFilterChain.doFilter(ApplicationFilterChain.java:165)
	at org.springframework.web.filter.HttpPutFormContentFilter.doFilterInternal(HttpPutFormContentFilter.java:105)
	at org.springframework.web.filter.OncePerRequestFilter.doFilter(OncePerRequestFilter.java:107)
	at org.apache.catalina.core.ApplicationFilterChain.internalDoFilter(ApplicationFilterChain.java:192)
	at org.apache.catalina.core.ApplicationFilterChain.doFilter(ApplicationFilterChain.java:165)
	at org.springframework.web.filter.HiddenHttpMethodFilter.doFilterInternal(HiddenHttpMethodFilter.java:81)
	at org.springframework.web.filter.OncePerRequestFilter.doFilter(OncePerRequestFilter.java:107)
	at org.apache.catalina.core.ApplicationFilterChain.internalDoFilter(ApplicationFilterChain.java:192)
	at org.apache.catalina.core.ApplicationFilterChain.doFilter(ApplicationFilterChain.java:165)
	at org.springframework.web.filter.CharacterEncodingFilter.doFilterInternal(CharacterEncodingFilter.java:197)
	at org.springframework.web.filter.OncePerRequestFilter.doFilter(OncePerRequestFilter.java:107)
	at org.apache.catalina.core.ApplicationFilterChain.internalDoFilter(ApplicationFilterChain.java:192)
	at org.apache.catalina.core.ApplicationFilterChain.doFilter(ApplicationFilterChain.java:165)
	at org.apache.catalina.core.StandardWrapperValve.invoke(StandardWrapperValve.java:198)
	at org.apache.catalina.core.StandardContextValve.invoke(StandardContextValve.java:96)
	at org.apache.catalina.authenticator.AuthenticatorBase.invoke(AuthenticatorBase.java:474)
	at org.apache.catalina.core.StandardHostValve.invoke(StandardHostValve.java:140)
	at org.apache.catalina.valves.ErrorReportValve.invoke(ErrorReportValve.java:79)
	at org.apache.catalina.core.StandardEngineValve.invoke(StandardEngineValve.java:87)
	at org.apache.catalina.connector.CoyoteAdapter.service(CoyoteAdapter.java:349)
	at org.apache.coyote.http11.Http11Processor.service(Http11Processor.java:783)
	at org.apache.coyote.AbstractProcessorLight.process(AbstractProcessorLight.java:66)
	at org.apache.coyote.AbstractProtocol$ConnectionHandler.process(AbstractProtocol.java:798)
	at org.apache.tomcat.util.net.NioEndpoint$SocketProcessor.doRun(NioEndpoint.java:1434)
	at org.apache.tomcat.util.net.SocketProcessorBase.run(SocketProcessorBase.java:49)
	at java.util.concurrent.ThreadPoolExecutor.runWorker(ThreadPoolExecutor.java:1142)
	at java.util.concurrent.ThreadPoolExecutor$Worker.run(ThreadPoolExecutor.java:617)
	at org.apache.tomcat.util.threads.TaskThread$WrappingRunnable.run(TaskThread.java:61)
	at java.lang.Thread.run(Thread.java:745)
]]></system-out>
  <system-err><![CDATA[]]></system-err>
</testsuite>
