<?xml version="1.0" encoding="UTF-8"?>
<testsuite name="microboot.CalculationServicesImplTests" tests="2" skipped="0" failures="0" errors="0" timestamp="2017-03-24T16:32:46" hostname="Stefans-MacBook-Pro.local" time="0.091">
  <properties/>
  <testcase name="calculationTest" classname="microboot.CalculationServicesImplTests" time="0.085"/>
  <testcase name="reliable" classname="microboot.CalculationServicesImplTests" time="0.005"/>
  <system-out><![CDATA[18:32:35.081 [Test worker] DEBUG org.springframework.test.context.junit4.SpringJUnit4ClassRunner - SpringJUnit4ClassRunner constructor called with [class microboot.CalculationServicesImplTests]
18:32:35.086 [Test worker] DEBUG org.springframework.test.context.BootstrapUtils - Instantiating CacheAwareContextLoaderDelegate from class [org.springframework.test.context.cache.DefaultCacheAwareContextLoaderDelegate]
18:32:35.091 [Test worker] DEBUG org.springframework.test.context.BootstrapUtils - Instantiating BootstrapContext using constructor [public org.springframework.test.context.support.DefaultBootstrapContext(java.lang.Class,org.springframework.test.context.CacheAwareContextLoaderDelegate)]
18:32:35.104 [Test worker] DEBUG org.springframework.test.context.BootstrapUtils - Instantiating TestContextBootstrapper for test class [microboot.CalculationServicesImplTests] from class [org.springframework.boot.test.context.SpringBootTestContextBootstrapper]
18:32:35.122 [Test worker] INFO org.springframework.boot.test.context.SpringBootTestContextBootstrapper - Neither @ContextConfiguration nor @ContextHierarchy found for test class [microboot.CalculationServicesImplTests], using SpringBootContextLoader
18:32:35.125 [Test worker] DEBUG org.springframework.test.context.support.AbstractContextLoader - Did not detect default resource location for test class [microboot.CalculationServicesImplTests]: class path resource [microboot/CalculationServicesImplTests-context.xml] does not exist
18:32:35.125 [Test worker] DEBUG org.springframework.test.context.support.AbstractContextLoader - Did not detect default resource location for test class [microboot.CalculationServicesImplTests]: class path resource [microboot/CalculationServicesImplTestsContext.groovy] does not exist
18:32:35.126 [Test worker] INFO org.springframework.test.context.support.AbstractContextLoader - Could not detect default resource locations for test class [microboot.CalculationServicesImplTests]: no resource found for suffixes {-context.xml, Context.groovy}.
18:32:35.126 [Test worker] INFO org.springframework.test.context.support.AnnotationConfigContextLoaderUtils - Could not detect default configuration classes for test class [microboot.CalculationServicesImplTests]: CalculationServicesImplTests does not declare any static, non-private, non-final, nested classes annotated with @Configuration.
18:32:35.184 [Test worker] DEBUG org.springframework.test.context.support.ActiveProfilesUtils - Could not find an 'annotation declaring class' for annotation type [org.springframework.test.context.ActiveProfiles] and class [microboot.CalculationServicesImplTests]
18:32:35.190 [Test worker] DEBUG org.springframework.core.env.StandardEnvironment - Adding [systemProperties] PropertySource with lowest search precedence
18:32:35.190 [Test worker] DEBUG org.springframework.core.env.StandardEnvironment - Adding [systemEnvironment] PropertySource with lowest search precedence
18:32:35.190 [Test worker] DEBUG org.springframework.core.env.StandardEnvironment - Initialized StandardEnvironment with PropertySources [systemProperties,systemEnvironment]
18:32:35.197 [Test worker] DEBUG org.springframework.core.io.support.PathMatchingResourcePatternResolver - Resolved classpath location [microboot/] to resources [URL [file:/Users/stefanbaychev/Documents/spring-network-service-client/clientserv/build/classes/test/microboot/], URL [file:/Users/stefanbaychev/Documents/spring-network-service-client/clientserv/build/classes/main/microboot/]]
18:32:35.197 [Test worker] DEBUG org.springframework.core.io.support.PathMatchingResourcePatternResolver - Looking for matching resources in directory tree [/Users/stefanbaychev/Documents/spring-network-service-client/clientserv/build/classes/test/microboot]
18:32:35.198 [Test worker] DEBUG org.springframework.core.io.support.PathMatchingResourcePatternResolver - Searching directory [/Users/stefanbaychev/Documents/spring-network-service-client/clientserv/build/classes/test/microboot] for files matching pattern [/Users/stefanbaychev/Documents/spring-network-service-client/clientserv/build/classes/test/microboot/*.class]
18:32:35.200 [Test worker] DEBUG org.springframework.core.io.support.PathMatchingResourcePatternResolver - Looking for matching resources in directory tree [/Users/stefanbaychev/Documents/spring-network-service-client/clientserv/build/classes/main/microboot]
18:32:35.200 [Test worker] DEBUG org.springframework.core.io.support.PathMatchingResourcePatternResolver - Searching directory [/Users/stefanbaychev/Documents/spring-network-service-client/clientserv/build/classes/main/microboot] for files matching pattern [/Users/stefanbaychev/Documents/spring-network-service-client/clientserv/build/classes/main/microboot/*.class]
18:32:35.201 [Test worker] DEBUG org.springframework.core.io.support.PathMatchingResourcePatternResolver - Resolved location pattern [classpath*:microboot/*.class] to resources [file [/Users/stefanbaychev/Documents/spring-network-service-client/clientserv/build/classes/test/microboot/CalculationServicesImplTests.class], file [/Users/stefanbaychev/Documents/spring-network-service-client/clientserv/build/classes/test/microboot/ClientServApplicationTests.class], file [/Users/stefanbaychev/Documents/spring-network-service-client/clientserv/build/classes/main/microboot/CalculationServicesImpl.class], file [/Users/stefanbaychev/Documents/spring-network-service-client/clientserv/build/classes/main/microboot/ClientServApplication.class], file [/Users/stefanbaychev/Documents/spring-network-service-client/clientserv/build/classes/main/microboot/ComputeTypeIndex.class], file [/Users/stefanbaychev/Documents/spring-network-service-client/clientserv/build/classes/main/microboot/ComputeTypeIndexBinder.class], file [/Users/stefanbaychev/Documents/spring-network-service-client/clientserv/build/classes/main/microboot/Multiply.class], file [/Users/stefanbaychev/Documents/spring-network-service-client/clientserv/build/classes/main/microboot/SearchError.class]]
18:32:35.255 [Test worker] DEBUG org.springframework.context.annotation.ClassPathScanningCandidateComponentProvider - Identified candidate component class: file [/Users/stefanbaychev/Documents/spring-network-service-client/clientserv/build/classes/main/microboot/ClientServApplication.class]
18:32:35.257 [Test worker] INFO org.springframework.boot.test.context.SpringBootTestContextBootstrapper - Found @SpringBootConfiguration microboot.ClientServApplication for test class microboot.CalculationServicesImplTests
18:32:35.259 [Test worker] DEBUG org.springframework.boot.test.context.SpringBootTestContextBootstrapper - @TestExecutionListeners is not present for class [microboot.CalculationServicesImplTests]: using defaults.
18:32:35.262 [Test worker] INFO org.springframework.boot.test.context.SpringBootTestContextBootstrapper - Loaded default TestExecutionListener class names from location [META-INF/spring.factories]: [org.springframework.boot.test.mock.mockito.MockitoTestExecutionListener, org.springframework.boot.test.mock.mockito.ResetMocksTestExecutionListener, org.springframework.boot.test.autoconfigure.restdocs.RestDocsTestExecutionListener, org.springframework.boot.test.autoconfigure.web.client.MockRestServiceServerResetTestExecutionListener, org.springframework.boot.test.autoconfigure.web.servlet.MockMvcPrintOnlyOnFailureTestExecutionListener, org.springframework.boot.test.autoconfigure.web.servlet.WebDriverTestExecutionListener, org.springframework.test.context.web.ServletTestExecutionListener, org.springframework.test.context.support.DirtiesContextBeforeModesTestExecutionListener, org.springframework.test.context.support.DependencyInjectionTestExecutionListener, org.springframework.test.context.support.DirtiesContextTestExecutionListener, org.springframework.test.context.transaction.TransactionalTestExecutionListener, org.springframework.test.context.jdbc.SqlScriptsTestExecutionListener]
18:32:35.272 [Test worker] INFO org.springframework.boot.test.context.SpringBootTestContextBootstrapper - Could not instantiate TestExecutionListener [org.springframework.test.context.jdbc.SqlScriptsTestExecutionListener]. Specify custom listener classes or make the default listener classes (and their required dependencies) available. Offending class: [org/springframework/transaction/interceptor/TransactionAttribute]
18:32:35.272 [Test worker] INFO org.springframework.boot.test.context.SpringBootTestContextBootstrapper - Could not instantiate TestExecutionListener [org.springframework.test.context.transaction.TransactionalTestExecutionListener]. Specify custom listener classes or make the default listener classes (and their required dependencies) available. Offending class: [org/springframework/transaction/interceptor/TransactionAttributeSource]
18:32:35.275 [Test worker] INFO org.springframework.boot.test.context.SpringBootTestContextBootstrapper - Using TestExecutionListeners: [org.springframework.test.context.web.ServletTestExecutionListener@2371b67c, org.springframework.test.context.support.DirtiesContextBeforeModesTestExecutionListener@5c47a19f, org.springframework.boot.test.autoconfigure.SpringBootDependencyInjectionTestExecutionListener@312c84fc, org.springframework.test.context.support.DirtiesContextTestExecutionListener@26fad7d5, org.springframework.boot.test.mock.mockito.ResetMocksTestExecutionListener@8164720, org.springframework.boot.test.autoconfigure.web.client.MockRestServiceServerResetTestExecutionListener@69bc54e4, org.springframework.boot.test.autoconfigure.web.servlet.MockMvcPrintOnlyOnFailureTestExecutionListener@3c62264b, org.springframework.boot.test.mock.mockito.MockitoTestExecutionListener@4cd61a6d, org.springframework.boot.test.autoconfigure.restdocs.RestDocsTestExecutionListener@76436b90, org.springframework.boot.test.autoconfigure.web.servlet.WebDriverTestExecutionListener@7d530ac8]
18:32:35.277 [Test worker] DEBUG org.springframework.test.annotation.ProfileValueUtils - Retrieved @ProfileValueSourceConfiguration [null] for test class [microboot.CalculationServicesImplTests]
18:32:35.278 [Test worker] DEBUG org.springframework.test.annotation.ProfileValueUtils - Retrieved ProfileValueSource type [class org.springframework.test.annotation.SystemProfileValueSource] for class [microboot.CalculationServicesImplTests]
18:32:35.279 [Test worker] DEBUG org.springframework.test.annotation.ProfileValueUtils - Retrieved @ProfileValueSourceConfiguration [null] for test class [microboot.CalculationServicesImplTests]
18:32:35.279 [Test worker] DEBUG org.springframework.test.annotation.ProfileValueUtils - Retrieved ProfileValueSource type [class org.springframework.test.annotation.SystemProfileValueSource] for class [microboot.CalculationServicesImplTests]
18:32:35.282 [Test worker] DEBUG org.springframework.test.context.support.AbstractDirtiesContextTestExecutionListener - Before test class: context [DefaultTestContext@2452203f testClass = CalculationServicesImplTests, testInstance = [null], testMethod = [null], testException = [null], mergedContextConfiguration = [MergedContextConfiguration@28e3929d testClass = CalculationServicesImplTests, locations = '{}', classes = '{class microboot.ClientServApplication}', contextInitializerClasses = '[]', activeProfiles = '{}', propertySourceLocations = '{}', propertySourceProperties = '{org.springframework.boot.test.context.SpringBootTestContextBootstrapper=true}', contextCustomizers = set[[ImportsContextCustomizer@193968dc key = [org.springframework.boot.autoconfigure.cache.CacheAutoConfiguration, org.springframework.boot.test.autoconfigure.web.client.WebClientRestTemplateAutoConfiguration, org.springframework.boot.autoconfigure.gson.GsonAutoConfiguration, org.springframework.boot.autoconfigure.jackson.JacksonAutoConfiguration, org.springframework.boot.autoconfigure.web.HttpMessageConvertersAutoConfiguration, org.springframework.boot.autoconfigure.web.WebClientAutoConfiguration, org.springframework.boot.test.autoconfigure.web.client.MockRestServiceServerAutoConfiguration, Package Import microboot]], org.springframework.boot.test.context.filter.ExcludeFilterContextCustomizer@59cf688b, org.springframework.boot.test.mock.mockito.MockitoContextCustomizer@0, org.springframework.boot.test.autoconfigure.OverrideAutoConfigurationContextCustomizerFactory$DisableAutoConfigurationContextCustomizer@29556f2d, org.springframework.boot.test.autoconfigure.filter.TypeExcludeFiltersContextCustomizer@14c1038f, org.springframework.boot.test.autoconfigure.properties.PropertyMappingContextCustomizer@b7cdf1e3, org.springframework.boot.test.autoconfigure.web.servlet.WebDriverContextCustomizerFactory$Customizer@7553c924], contextLoader = 'org.springframework.boot.test.context.SpringBootContextLoader', parent = [null]]], class annotated with @DirtiesContext [false] with mode [null].
18:32:35.283 [Test worker] DEBUG org.springframework.test.annotation.ProfileValueUtils - Retrieved @ProfileValueSourceConfiguration [null] for test class [microboot.CalculationServicesImplTests]
18:32:35.283 [Test worker] DEBUG org.springframework.test.annotation.ProfileValueUtils - Retrieved ProfileValueSource type [class org.springframework.test.annotation.SystemProfileValueSource] for class [microboot.CalculationServicesImplTests]
18:32:35.284 [Test worker] DEBUG org.springframework.test.context.support.DependencyInjectionTestExecutionListener - Performing dependency injection for test context [[DefaultTestContext@2452203f testClass = CalculationServicesImplTests, testInstance = microboot.CalculationServicesImplTests@6852b731, testMethod = [null], testException = [null], mergedContextConfiguration = [MergedContextConfiguration@28e3929d testClass = CalculationServicesImplTests, locations = '{}', classes = '{class microboot.ClientServApplication}', contextInitializerClasses = '[]', activeProfiles = '{}', propertySourceLocations = '{}', propertySourceProperties = '{org.springframework.boot.test.context.SpringBootTestContextBootstrapper=true}', contextCustomizers = set[[ImportsContextCustomizer@193968dc key = [org.springframework.boot.autoconfigure.cache.CacheAutoConfiguration, org.springframework.boot.test.autoconfigure.web.client.WebClientRestTemplateAutoConfiguration, org.springframework.boot.autoconfigure.gson.GsonAutoConfiguration, org.springframework.boot.autoconfigure.jackson.JacksonAutoConfiguration, org.springframework.boot.autoconfigure.web.HttpMessageConvertersAutoConfiguration, org.springframework.boot.autoconfigure.web.WebClientAutoConfiguration, org.springframework.boot.test.autoconfigure.web.client.MockRestServiceServerAutoConfiguration, Package Import microboot]], org.springframework.boot.test.context.filter.ExcludeFilterContextCustomizer@59cf688b, org.springframework.boot.test.mock.mockito.MockitoContextCustomizer@0, org.springframework.boot.test.autoconfigure.OverrideAutoConfigurationContextCustomizerFactory$DisableAutoConfigurationContextCustomizer@29556f2d, org.springframework.boot.test.autoconfigure.filter.TypeExcludeFiltersContextCustomizer@14c1038f, org.springframework.boot.test.autoconfigure.properties.PropertyMappingContextCustomizer@b7cdf1e3, org.springframework.boot.test.autoconfigure.web.servlet.WebDriverContextCustomizerFactory$Customizer@7553c924], contextLoader = 'org.springframework.boot.test.context.SpringBootContextLoader', parent = [null]]]].
18:32:35.330 [Test worker] DEBUG org.springframework.core.env.StandardEnvironment - Adding [systemProperties] PropertySource with lowest search precedence
18:32:35.330 [Test worker] DEBUG org.springframework.core.env.StandardEnvironment - Adding [systemEnvironment] PropertySource with lowest search precedence
18:32:35.330 [Test worker] DEBUG org.springframework.core.env.StandardEnvironment - Initialized StandardEnvironment with PropertySources [systemProperties,systemEnvironment]
18:32:35.332 [Test worker] DEBUG org.springframework.core.env.MutablePropertySources - Adding [inline] PropertySource with highest search precedence
18:32:35.336 [Test worker] DEBUG org.springframework.test.context.support.TestPropertySourceUtils - Adding inlined properties to environment: {spring.jmx.enabled=false, org.springframework.boot.test.context.SpringBootTestContextBootstrapper=true, server.port=-1}
18:32:35.336 [Test worker] DEBUG org.springframework.core.env.StandardEnvironment - Adding [Inlined Test Properties] PropertySource with highest search precedence
2017-03-24 18:32:40.585  INFO 4224 --- [    Test worker] s.c.a.AnnotationConfigApplicationContext : Refreshing org.springframework.context.annotation.AnnotationConfigApplicationContext@2d87fac1: startup date [Fri Mar 24 18:32:40 EET 2017]; root of context hierarchy
2017-03-24 18:32:40.800  INFO 4224 --- [    Test worker] trationDelegate$BeanPostProcessorChecker : Bean 'configurationPropertiesRebinderAutoConfiguration' of type [org.springframework.cloud.autoconfigure.ConfigurationPropertiesRebinderAutoConfiguration$$EnhancerBySpringCGLIB$$a0b80aa0] is not eligible for getting processed by all BeanPostProcessors (for example: not eligible for auto-proxying)

  .   ____          _            __ _ _
 /\\ / ___'_ __ _ _(_)_ __  __ _ \ \ \ \
( ( )\___ | '_ | '_| | '_ \/ _` | \ \ \ \
 \\/  ___)| |_)| | | | | || (_| |  ) ) ) )
  '  |____| .__|_| |_|_| |_\__, | / / / /
 =========|_|==============|___/=/_/_/_/
 :: Spring Boot ::        (v1.5.2.RELEASE)

2017-03-24 18:32:46 - No active profile set, falling back to default profiles: default
2017-03-24 18:32:46 - Refreshing org.springframework.context.annotation.AnnotationConfigApplicationContext@2cc6c4bb: startup date [Fri Mar 24 18:32:46 EET 2017]; parent: org.springframework.context.annotation.AnnotationConfigApplicationContext@2d87fac1
2017-03-24 18:32:46 - Started CalculationServicesImplTests in 11.089 seconds (JVM running for 11.86)
2017-03-24 18:32:46 - Executing remote call with following information: http://localhost:8090/doCalculate?numInputOne=2.0&numInputTwo=2.0&computationType=multiply
2017-03-24 18:32:46 - Reliable Call had to be executed with following parameters: numInputOne=2.0  numInputTwo=1.0  computationType=multiply
]]></system-out>
  <system-err><![CDATA[]]></system-err>
</testsuite>
